<?xml version="1.0" encoding="UTF-8"?>
<testsuite name="Administrar información de pacientes" tests="3" skipped="0" failures="1" errors="0" timestamp="2021-05-26T15:54:45" hostname="DESKTOP-7NVI6VL" time="0.495">
  <properties/>
  <testcase name="Creacion de paciente exitosa" classname="Administrar información de pacientes" time="0.185"/>
  <testcase name="Creacion de paciente sin token de autenticacion valido" classname="Administrar información de pacientes" time="0.058"/>
  <testcase name="Creacion de un paciente con campos vacios" classname="Administrar información de pacientes" time="0.251">
    <failure message="java.lang.AssertionError: 1 expectation failed.&#10;Expected status code &lt;500&gt; but was &lt;201&gt;.&#10;" type="java.lang.AssertionError">java.lang.AssertionError: 1 expectation failed.
Expected status code &lt;500&gt; but was &lt;201&gt;.

	at net.serenitybdd.screenplay.ErrorTally.throwSummaryExceptionFrom(ErrorTally.java:36)
	at net.serenitybdd.screenplay.ErrorTally.reportAnyErrors(ErrorTally.java:30)
	at net.serenitybdd.screenplay.Actor.should(Actor.java:316)
	at screenplay.steps.GuardarPacienteStep.laApiContestaConCodigoDeStatus(GuardarPacienteStep.java:89)
	at ✽.la api contesta con codigo de status &quot;500&quot;(file:///C:/Users/luisg/Desktop/SoapUIprojects/certificacion-pacientes-covid/src/test/resources/features/GuardarPaciente.feature:17)
</failure>
  </testcase>
  <system-out><![CDATA[]]></system-out>
  <system-err><![CDATA[]]></system-err>
</testsuite>
