<?xml version="1.0" encoding="UTF-8"?>
<testsuite name="screenplay.runners.TestRunnerAutenticacion" tests="0" skipped="0" failures="0" errors="0" timestamp="1970-01-01T00:00:00" hostname="DESKTOP-7NVI6VL" time="0.0">
  <properties/>
  <system-out><![CDATA[
?[31mFailed scenarios:?[0m
?[31mfile:///C:/Users/luisg/Desktop/SoapUIprojects/certificacion-pacientes-covid/src/test/resources/features/Autenticacion.feature:13?[0m# Autenticacion con password Covid

3 Scenarios (?[31m1 failed?[0m, ?[32m2 passed?[0m)
6 Steps (?[31m1 failed?[0m, ?[32m5 passed?[0m)
0m7.280s


java.lang.AssertionError: 1 expectation failed.
Expected status code <403> but was <200>.

	at net.serenitybdd.screenplay.ErrorTally.throwSummaryExceptionFrom(ErrorTally.java:36)
	at net.serenitybdd.screenplay.ErrorTally.reportAnyErrors(ErrorTally.java:30)
	at net.serenitybdd.screenplay.Actor.should(Actor.java:316)
	at screenplay.steps.AutenticacionStep.laApiContestaConStatus(AutenticacionStep.java:55)
	at ?.la api contesta con status "403"(file:///C:/Users/luisg/Desktop/SoapUIprojects/certificacion-pacientes-covid/src/test/resources/features/Autenticacion.feature:15)


]]></system-out>
  <system-err><![CDATA[SLF4J: Failed to load class "org.slf4j.impl.StaticLoggerBinder".
SLF4J: Defaulting to no-operation (NOP) logger implementation
SLF4J: See http://www.slf4j.org/codes.html#StaticLoggerBinder for further details.
]]></system-err>
</testsuite>
