<?xml version="1.0" encoding="UTF-8"?>
<testsuite name="Consultar citas" tests="1" skipped="0" failures="0" errors="0" timestamp="2021-05-25T23:03:48" hostname="DESKTOP-7NVI6VL" time="27.44">
  <properties/>
  <testcase name="Consultar citas de un paciente" classname="Consultar citas" time="27.44"/>
  <system-out><![CDATA[]]></system-out>
  <system-err><![CDATA[]]></system-err>
</testsuite>
