<?xml version="1.0" encoding="UTF-8"?>
<testsuite name="screenplay.runners.TestRunnerConsultarCitas" tests="0" skipped="0" failures="0" errors="0" timestamp="1970-01-01T00:00:00" hostname="DESKTOP-7NVI6VL" time="0.0">
  <properties/>
  <system-out><![CDATA[
2 Scenarios (?[32m2 passed?[0m)
5 Steps (?[32m5 passed?[0m)
0m0.982s


]]></system-out>
  <system-err><![CDATA[]]></system-err>
</testsuite>
