<?xml version="1.0" encoding="UTF-8"?>
<testsuite name="Eliminar un paciente" tests="3" skipped="0" failures="0" errors="0" timestamp="2021-05-26T15:54:43" hostname="DESKTOP-7NVI6VL" time="1.223">
  <properties/>
  <testcase name="Eliminacion de paciente exitosa" classname="Eliminar un paciente" time="0.414"/>
  <testcase name="Eliminacion de paciente con documento invalido" classname="Eliminar un paciente" time="0.605"/>
  <testcase name="Eliminacion de paciente con token invalido" classname="Eliminar un paciente" time="0.204"/>
  <system-out><![CDATA[]]></system-out>
  <system-err><![CDATA[]]></system-err>
</testsuite>
