<?xml version="1.0" encoding="UTF-8"?>
<testsuite name="screenplay.runners.TestRunnerConsultarUnPaciente" tests="0" skipped="0" failures="0" errors="0" timestamp="1970-01-01T00:00:00" hostname="DESKTOP-7NVI6VL" time="0.0">
  <properties/>
  <system-out><![CDATA[
3 Scenarios (?[32m3 passed?[0m)
7 Steps (?[32m7 passed?[0m)
0m8.845s


]]></system-out>
  <system-err><![CDATA[[Test worker] INFO io.cucumber.core.plugin.SerenityReporter - Running feature from file:///C:/Users/luisg/Desktop/SoapUIprojects/certificacion-pacientes-covid/src/test/resources/features/ConsultarPaciente.feature
[Test worker] WARN io.cucumber.core.plugin.SerenityReporter - Feature from file:///C:/Users/luisg/Desktop/SoapUIprojects/certificacion-pacientes-covid/src/test/resources/features/ConsultarPaciente.feature is not under the 'features' directory. Requirements report will not be correctly generated!
[Test worker] INFO  - 

-------------------------------------------------------------------------------------
     _______. _______ .______       _______ .__   __.  __  .___________.____    ____ 
    /       ||   ____||   _  \     |   ____||  \ |  | |  | |           |\   \  /   / 
   |   (----`|  |__   |  |_)  |    |  |__   |   \|  | |  | `---|  |----` \   \/   /  
    \   \    |   __|  |      /     |   __|  |  . `  | |  |     |  |       \_    _/   
.----)   |   |  |____ |  |\  \----.|  |____ |  |\   | |  |     |  |         |  |     
|_______/    |_______|| _| `._____||_______||__| \__| |__|     |__|         |__|    
                                                                                     
 News and tutorials at http://www.serenity-bdd.info                                  
 Documentation at https://wakaleo.gitbooks.io/the-serenity-book/content/             
 Join the Serenity Community on Gitter: https://gitter.im/serenity-bdd/serenity-core 
 Serenity BDD Support and Training at http://serenity-bdd.info/#/trainingandsupport  
-------------------------------------------------------------------------------------

[Test worker] INFO  - Test Suite Started: Consultar un paciente
]]></system-err>
</testsuite>
