<?xml version="1.0" encoding="UTF-8"?>
<testsuite name="Consultar un paciente" tests="3" skipped="0" failures="0" errors="0" timestamp="2021-05-23T04:21:26" hostname="DESKTOP-7NVI6VL" time="8.252">
  <properties/>
  <testcase name="Consulta de paciente exitosa" classname="Consultar un paciente" time="7.48"/>
  <testcase name="Consulta de paciente con token invalido" classname="Consultar un paciente" time="0.29"/>
  <testcase name="Consulta de paciente no registrado" classname="Consultar un paciente" time="0.482"/>
  <system-out><![CDATA[]]></system-out>
  <system-err><![CDATA[[Test worker] INFO io.cucumber.core.plugin.SerenityReporter - Running feature from file:///C:/Users/luisg/Desktop/SoapUIprojects/certificacion-pacientes-covid/src/test/resources/features/ConsultarPaciente.feature
[Test worker] WARN io.cucumber.core.plugin.SerenityReporter - Feature from file:///C:/Users/luisg/Desktop/SoapUIprojects/certificacion-pacientes-covid/src/test/resources/features/ConsultarPaciente.feature is not under the 'features' directory. Requirements report will not be correctly generated!
[Test worker] INFO  - 
 _____ _____ ____ _____   ____ _____  _    ____ _____ _____ ____  
|_   _| ____/ ___|_   _| / ___|_   _|/ \  |  _ \_   _| ____|  _ \ 
  | | |  _| \___ \ | |   \___ \ | | / _ \ | |_) || | |  _| | | | |
  | | | |___ ___) || |    ___) || |/ ___ \|  _ < | | | |___| |_| |
  |_| |_____|____/ |_|   |____/ |_/_/   \_\_| \_\|_| |_____|____/ 

Consulta de paciente exitosa(consultar-un-paciente;consulta-de-paciente-exitosa)
-------------------------------------------------------------------
[Test worker] INFO  - 
        __    _____ _____ ____ _____   ____   _    ____  ____  _____ ____  
  _     \ \  |_   _| ____/ ___|_   _| |  _ \ / \  / ___|/ ___|| ____|  _ \ 
 (_)_____| |   | | |  _| \___ \ | |   | |_) / _ \ \___ \\___ \|  _| | | | |
  _|_____| |   | | | |___ ___) || |   |  __/ ___ \ ___) |___) | |___| |_| |
 (_)     | |   |_| |_____|____/ |_|   |_| /_/   \_\____/|____/|_____|____/ 
        /_/                                                                

Consulta de paciente exitosa
----------------------------------------------------------------------------
[Test worker] INFO io.cucumber.core.plugin.SerenityReporter - Running feature from file:///C:/Users/luisg/Desktop/SoapUIprojects/certificacion-pacientes-covid/src/test/resources/features/ConsultarPaciente.feature
[Test worker] WARN io.cucumber.core.plugin.SerenityReporter - Feature from file:///C:/Users/luisg/Desktop/SoapUIprojects/certificacion-pacientes-covid/src/test/resources/features/ConsultarPaciente.feature is not under the 'features' directory. Requirements report will not be correctly generated!
[Test worker] INFO  - 
 _____ _____ ____ _____   ____ _____  _    ____ _____ _____ ____  
|_   _| ____/ ___|_   _| / ___|_   _|/ \  |  _ \_   _| ____|  _ \ 
  | | |  _| \___ \ | |   \___ \ | | / _ \ | |_) || | |  _| | | | |
  | | | |___ ___) || |    ___) || |/ ___ \|  _ < | | | |___| |_| |
  |_| |_____|____/ |_|   |____/ |_/_/   \_\_| \_\|_| |_____|____/ 

Consulta de paciente con token invalido(consultar-un-paciente;consulta-de-paciente-con-token-invalido)
-------------------------------------------------------------------
[Test worker] INFO  - 
        __    _____ _____ ____ _____   ____   _    ____  ____  _____ ____  
  _     \ \  |_   _| ____/ ___|_   _| |  _ \ / \  / ___|/ ___|| ____|  _ \ 
 (_)_____| |   | | |  _| \___ \ | |   | |_) / _ \ \___ \\___ \|  _| | | | |
  _|_____| |   | | | |___ ___) || |   |  __/ ___ \ ___) |___) | |___| |_| |
 (_)     | |   |_| |_____|____/ |_|   |_| /_/   \_\____/|____/|_____|____/ 
        /_/                                                                

Consulta de paciente con token invalido
----------------------------------------------------------------------------
[Test worker] INFO io.cucumber.core.plugin.SerenityReporter - Running feature from file:///C:/Users/luisg/Desktop/SoapUIprojects/certificacion-pacientes-covid/src/test/resources/features/ConsultarPaciente.feature
[Test worker] WARN io.cucumber.core.plugin.SerenityReporter - Feature from file:///C:/Users/luisg/Desktop/SoapUIprojects/certificacion-pacientes-covid/src/test/resources/features/ConsultarPaciente.feature is not under the 'features' directory. Requirements report will not be correctly generated!
[Test worker] INFO  - 
 _____ _____ ____ _____   ____ _____  _    ____ _____ _____ ____  
|_   _| ____/ ___|_   _| / ___|_   _|/ \  |  _ \_   _| ____|  _ \ 
  | | |  _| \___ \ | |   \___ \ | | / _ \ | |_) || | |  _| | | | |
  | | | |___ ___) || |    ___) || |/ ___ \|  _ < | | | |___| |_| |
  |_| |_____|____/ |_|   |____/ |_/_/   \_\_| \_\|_| |_____|____/ 

Consulta de paciente no registrado(consultar-un-paciente;consulta-de-paciente-no-registrado)
-------------------------------------------------------------------
[Test worker] INFO  - 
        __    _____ _____ ____ _____   ____   _    ____  ____  _____ ____  
  _     \ \  |_   _| ____/ ___|_   _| |  _ \ / \  / ___|/ ___|| ____|  _ \ 
 (_)_____| |   | | |  _| \___ \ | |   | |_) / _ \ \___ \\___ \|  _| | | | |
  _|_____| |   | | | |___ ___) || |   |  __/ ___ \ ___) |___) | |___| |_| |
 (_)     | |   |_| |_____|____/ |_|   |_| /_/   \_\____/|____/|_____|____/ 
        /_/                                                                

Consulta de paciente no registrado
----------------------------------------------------------------------------
]]></system-err>
</testsuite>
