<?xml version="1.0" encoding="UTF-8"?>
<testsuite name="Consultar citas" tests="2" skipped="0" failures="0" errors="0" timestamp="2021-05-26T15:54:40" hostname="DESKTOP-7NVI6VL" time="0.962">
  <properties/>
  <testcase name="Consultar citas de un paciente" classname="Consultar citas" time="0.873"/>
  <testcase name="Consultar citas con token invalido" classname="Consultar citas" time="0.088"/>
  <system-out><![CDATA[]]></system-out>
  <system-err><![CDATA[]]></system-err>
</testsuite>
