<?xml version="1.0" encoding="UTF-8"?>
<testsuite name="screenplay.runners.TestRunnerGuardarPaciente" tests="0" skipped="0" failures="0" errors="0" timestamp="1970-01-01T00:00:00" hostname="DESKTOP-7NVI6VL" time="0.0">
  <properties/>
  <system-out><![CDATA[
?[31mFailed scenarios:?[0m
?[31mfile:///C:/Users/luisg/Desktop/SoapUIprojects/certificacion-pacientes-covid/src/test/resources/features/GuardarPaciente.feature:14?[0m# Creacion de un paciente con campos vacios

3 Scenarios (?[31m1 failed?[0m, ?[32m2 passed?[0m)
8 Steps (?[31m1 failed?[0m, ?[32m7 passed?[0m)
0m0.491s


java.lang.AssertionError: 1 expectation failed.
Expected status code <500> but was <201>.

	at net.serenitybdd.screenplay.ErrorTally.throwSummaryExceptionFrom(ErrorTally.java:36)
	at net.serenitybdd.screenplay.ErrorTally.reportAnyErrors(ErrorTally.java:30)
	at net.serenitybdd.screenplay.Actor.should(Actor.java:316)
	at screenplay.steps.GuardarPacienteStep.laApiContestaConCodigoDeStatus(GuardarPacienteStep.java:89)
	at ?.la api contesta con codigo de status "500"(file:///C:/Users/luisg/Desktop/SoapUIprojects/certificacion-pacientes-covid/src/test/resources/features/GuardarPaciente.feature:17)


]]></system-out>
  <system-err><![CDATA[]]></system-err>
</testsuite>
